app/build/intermediates/manifest_merge_blame_file/debug/manifest-merger-blame-debug-report.txt
1<?xml version="1.0" encoding="utf-8"?>
2<manifest xmlns:android="http://schemas.android.com/apk/res/android"
3    package="com.google.mlkit.vision.demo"
4    android:installLocation="auto"
5    android:versionCode="11"
6    android:versionName="1.11" >
7    <!--
8 CameraX libraries require minSdkVersion 21, while this quickstart app
9    supports low to 16. Needs to use overrideLibrary to make the merger tool
10    ignore this conflict and import the libraries while keeping the app's lower
11    minSdkVersion value. In code, will check SDK version, before calling CameraX
12    APIs.
13    -->
14    <uses-sdk
14-->src\main\AndroidManifest.xml:13:5-157
15        android:minSdkVersion="16"
15-->src\main\AndroidManifest.xml:13:5-157
16        android:targetSdkVersion="30" />
16-->src\main\AndroidManifest.xml:13:5-157
17
18    <uses-feature android:name="android.hardware.camera" />
18-->src\main\AndroidManifest.xml:15:5-60
18-->src\main\AndroidManifest.xml:15:19-57
19
20    <uses-permission android:name="android.permission.INTERNET" />
20-->src\main\AndroidManifest.xml:17:5-67
20-->src\main\AndroidManifest.xml:17:22-64
21    <uses-permission android:name="android.permission.WRITE_EXTERNAL_STORAGE" />
21-->src\main\AndroidManifest.xml:18:5-81
21-->src\main\AndroidManifest.xml:18:22-78
22    <uses-permission android:name="android.permission.READ_EXTERNAL_STORAGE" />
22-->src\main\AndroidManifest.xml:19:5-80
22-->src\main\AndroidManifest.xml:19:22-77
23    <uses-permission android:name="android.permission.CAMERA" />
23-->src\main\AndroidManifest.xml:20:5-65
23-->src\main\AndroidManifest.xml:20:22-62
24
25    <queries>
25-->src\main\AndroidManifest.xml:22:5-26:15
26        <intent>
26-->src\main\AndroidManifest.xml:23:9-25:18
27            <action android:name="android.media.action.IMAGE_CAPTURE" />
27-->src\main\AndroidManifest.xml:24:13-73
27-->src\main\AndroidManifest.xml:24:21-70
28        </intent>
29    </queries>
30
31    <uses-permission android:name="android.permission.ACCESS_NETWORK_STATE" />
31-->[com.google.firebase:firebase-auth:21.0.1] AndroidManifest.xml:24:5-79
31-->[com.google.firebase:firebase-auth:21.0.1] AndroidManifest.xml:24:22-76
32    <uses-permission android:name="android.permission.WAKE_LOCK" />
32-->[com.google.android.gms:play-services-measurement:19.0.0] AndroidManifest.xml:25:5-68
32-->[com.google.android.gms:play-services-measurement:19.0.0] AndroidManifest.xml:25:22-65
33    <uses-permission android:name="com.google.android.finsky.permission.BIND_GET_INSTALL_REFERRER_SERVICE" />
33-->[com.google.android.gms:play-services-measurement:19.0.0] AndroidManifest.xml:26:5-110
33-->[com.google.android.gms:play-services-measurement:19.0.0] AndroidManifest.xml:26:22-107
34
35    <application
35-->src\main\AndroidManifest.xml:28:5-102:19
36        android:name="androidx.multidex.MultiDexApplication"
36-->src\main\AndroidManifest.xml:29:9-61
37        android:allowBackup="true"
37-->src\main\AndroidManifest.xml:32:9-35
38        android:appComponentFactory="androidx.core.app.CoreComponentFactory"
38-->[androidx.core:core:1.3.1] AndroidManifest.xml:24:18-86
39        android:debuggable="true"
40        android:icon="@drawable/logo_mlkit"
40-->src\main\AndroidManifest.xml:30:9-44
41        android:label="@string/app_name"
41-->src\main\AndroidManifest.xml:31:9-41
42        android:testOnly="true"
43        android:theme="@style/Theme.AppCompat" >
43-->src\main\AndroidManifest.xml:33:9-47
44        <activity android:name="com.google.mlkit.vision.demo.LoginActivity" >
44-->src\main\AndroidManifest.xml:34:9-40:20
44-->src\main\AndroidManifest.xml:35:13-42
45            <intent-filter>
45-->src\main\AndroidManifest.xml:36:13-39:29
46                <action android:name="android.intent.action.MAIN" />
46-->src\main\AndroidManifest.xml:37:17-69
46-->src\main\AndroidManifest.xml:37:25-66
47
48                <category android:name="android.intent.category.LAUNCHER" />
48-->src\main\AndroidManifest.xml:38:17-77
48-->src\main\AndroidManifest.xml:38:27-74
49            </intent-filter>
50        </activity>
51
52        <meta-data
52-->src\main\AndroidManifest.xml:42:9-44:69
53            android:name="com.google.android.gms.version"
53-->src\main\AndroidManifest.xml:43:13-58
54            android:value="@integer/google_play_services_version" />
54-->src\main\AndroidManifest.xml:44:13-66
55        <!--
56          Optional: Add it to automatically download ML model to device after
57          your app is installed.
58        -->
59        <meta-data
59-->src\main\AndroidManifest.xml:49:9-51:52
60            android:name="com.google.mlkit.vision.DEPENDENCIES"
60-->src\main\AndroidManifest.xml:50:13-64
61            android:value="barcode,face,ocr,ica" />
61-->src\main\AndroidManifest.xml:51:13-49
62
63        <activity
63-->src\main\AndroidManifest.xml:52:9-59:20
64            android:name="com.google.mlkit.vision.demo.EntryChoiceActivity"
64-->src\main\AndroidManifest.xml:53:13-48
65            android:exported="true"
65-->src\main\AndroidManifest.xml:54:13-36
66            android:theme="@style/AppTheme" >
66-->src\main\AndroidManifest.xml:55:13-44
67            <intent-filter>
67-->src\main\AndroidManifest.xml:56:13-58:29
68                <action android:name="android.intent.action.MAIN" />
68-->src\main\AndroidManifest.xml:37:17-69
68-->src\main\AndroidManifest.xml:37:25-66
69            </intent-filter>
70        </activity>
71        <activity
71-->src\main\AndroidManifest.xml:61:9-63:48
72            android:name="com.google.mlkit.vision.demo.java.ChooserActivity"
72-->src\main\AndroidManifest.xml:62:13-49
73            android:exported="true" />
73-->src\main\AndroidManifest.xml:63:13-36
74        <activity
74-->src\main\AndroidManifest.xml:64:9-67:56
75            android:name="com.google.mlkit.vision.demo.java.LivePreviewActivity"
75-->src\main\AndroidManifest.xml:65:13-53
76            android:exported="true"
76-->src\main\AndroidManifest.xml:66:13-36
77            android:theme="@style/AppTheme" />
77-->src\main\AndroidManifest.xml:67:13-44
78        <activity
78-->src\main\AndroidManifest.xml:68:9-71:56
79            android:name="com.google.mlkit.vision.demo.java.CameraXLivePreviewActivity"
79-->src\main\AndroidManifest.xml:69:13-60
80            android:exported="true"
80-->src\main\AndroidManifest.xml:70:13-36
81            android:theme="@style/AppTheme" />
81-->src\main\AndroidManifest.xml:71:13-44
82        <activity
82-->src\main\AndroidManifest.xml:72:9-75:56
83            android:name="com.google.mlkit.vision.demo.java.CameraXSourceDemoActivity"
83-->src\main\AndroidManifest.xml:73:13-59
84            android:exported="true"
84-->src\main\AndroidManifest.xml:74:13-36
85            android:theme="@style/AppTheme" />
85-->src\main\AndroidManifest.xml:75:13-44
86        <activity
86-->src\main\AndroidManifest.xml:76:9-79:56
87            android:name="com.google.mlkit.vision.demo.java.StillImageActivity"
87-->src\main\AndroidManifest.xml:77:13-52
88            android:exported="true"
88-->src\main\AndroidManifest.xml:78:13-36
89            android:theme="@style/AppTheme" />
89-->src\main\AndroidManifest.xml:79:13-44
90        <activity
90-->src\main\AndroidManifest.xml:80:9-82:48
91            android:name="com.google.mlkit.vision.demo.kotlin.ChooserActivity"
91-->src\main\AndroidManifest.xml:81:13-51
92            android:exported="true" />
92-->src\main\AndroidManifest.xml:82:13-36
93        <activity
93-->src\main\AndroidManifest.xml:83:9-86:56
94            android:name="com.google.mlkit.vision.demo.kotlin.LivePreviewActivity"
94-->src\main\AndroidManifest.xml:84:13-55
95            android:exported="true"
95-->src\main\AndroidManifest.xml:85:13-36
96            android:theme="@style/AppTheme" />
96-->src\main\AndroidManifest.xml:86:13-44
97        <activity
97-->src\main\AndroidManifest.xml:87:9-90:56
98            android:name="com.google.mlkit.vision.demo.kotlin.CameraXLivePreviewActivity"
98-->src\main\AndroidManifest.xml:88:13-62
99            android:exported="true"
99-->src\main\AndroidManifest.xml:89:13-36
100            android:theme="@style/AppTheme" />
100-->src\main\AndroidManifest.xml:90:13-44
101        <activity
101-->src\main\AndroidManifest.xml:91:9-94:56
102            android:name="com.google.mlkit.vision.demo.kotlin.CameraXSourceDemoActivity"
102-->src\main\AndroidManifest.xml:92:13-61
103            android:exported="true"
103-->src\main\AndroidManifest.xml:93:13-36
104            android:theme="@style/AppTheme" />
104-->src\main\AndroidManifest.xml:94:13-44
105        <activity
105-->src\main\AndroidManifest.xml:95:9-98:56
106            android:name="com.google.mlkit.vision.demo.kotlin.StillImageActivity"
106-->src\main\AndroidManifest.xml:96:13-54
107            android:exported="true"
107-->src\main\AndroidManifest.xml:97:13-36
108            android:theme="@style/AppTheme" />
108-->src\main\AndroidManifest.xml:98:13-44
109        <activity
109-->src\main\AndroidManifest.xml:99:9-101:40
110            android:name="com.google.mlkit.vision.demo.preference.SettingsActivity"
110-->src\main\AndroidManifest.xml:100:13-56
111            android:exported="false" />
111-->src\main\AndroidManifest.xml:101:13-37
112        <activity
112-->[com.google.android.gms:play-services-auth:19.0.0] AndroidManifest.xml:23:9-27:75
113            android:name="com.google.android.gms.auth.api.signin.internal.SignInHubActivity"
113-->[com.google.android.gms:play-services-auth:19.0.0] AndroidManifest.xml:24:13-93
114            android:excludeFromRecents="true"
114-->[com.google.android.gms:play-services-auth:19.0.0] AndroidManifest.xml:25:13-46
115            android:exported="false"
115-->[com.google.android.gms:play-services-auth:19.0.0] AndroidManifest.xml:26:13-37
116            android:theme="@android:style/Theme.Translucent.NoTitleBar" />
116-->[com.google.android.gms:play-services-auth:19.0.0] AndroidManifest.xml:27:13-72
117        <!--
118            Service handling Google Sign-In user revocation. For apps that do not integrate with
119            Google Sign-In, this service will never be started.
120        -->
121        <service
121-->[com.google.android.gms:play-services-auth:19.0.0] AndroidManifest.xml:33:9-37:51
122            android:name="com.google.android.gms.auth.api.signin.RevocationBoundService"
122-->[com.google.android.gms:play-services-auth:19.0.0] AndroidManifest.xml:34:13-89
123            android:exported="true"
123-->[com.google.android.gms:play-services-auth:19.0.0] AndroidManifest.xml:35:13-36
124            android:permission="com.google.android.gms.auth.api.signin.permission.REVOCATION_NOTIFICATION"
124-->[com.google.android.gms:play-services-auth:19.0.0] AndroidManifest.xml:36:13-107
125            android:visibleToInstantApps="true" />
125-->[com.google.android.gms:play-services-auth:19.0.0] AndroidManifest.xml:37:13-48
126
127        <activity
127-->[com.google.firebase:firebase-auth:21.0.1] AndroidManifest.xml:27:9-44:20
128            android:name="com.google.firebase.auth.internal.GenericIdpActivity"
128-->[com.google.firebase:firebase-auth:21.0.1] AndroidManifest.xml:28:13-80
129            android:excludeFromRecents="true"
129-->[com.google.firebase:firebase-auth:21.0.1] AndroidManifest.xml:29:13-46
130            android:exported="true"
130-->[com.google.firebase:firebase-auth:21.0.1] AndroidManifest.xml:30:13-36
131            android:launchMode="singleTask"
131-->[com.google.firebase:firebase-auth:21.0.1] AndroidManifest.xml:31:13-44
132            android:theme="@android:style/Theme.Translucent.NoTitleBar" >
132-->[com.google.firebase:firebase-auth:21.0.1] AndroidManifest.xml:32:13-72
133            <intent-filter>
133-->[com.google.firebase:firebase-auth:21.0.1] AndroidManifest.xml:33:13-43:29
134                <action android:name="android.intent.action.VIEW" />
134-->[com.google.firebase:firebase-auth:21.0.1] AndroidManifest.xml:34:17-69
134-->[com.google.firebase:firebase-auth:21.0.1] AndroidManifest.xml:34:25-66
135
136                <category android:name="android.intent.category.DEFAULT" />
136-->[com.google.firebase:firebase-auth:21.0.1] AndroidManifest.xml:36:17-76
136-->[com.google.firebase:firebase-auth:21.0.1] AndroidManifest.xml:36:27-73
137                <category android:name="android.intent.category.BROWSABLE" />
137-->[com.google.firebase:firebase-auth:21.0.1] AndroidManifest.xml:37:17-78
137-->[com.google.firebase:firebase-auth:21.0.1] AndroidManifest.xml:37:27-75
138
139                <data
139-->[com.google.firebase:firebase-auth:21.0.1] AndroidManifest.xml:39:17-42:51
140                    android:host="firebase.auth"
140-->[com.google.firebase:firebase-auth:21.0.1] AndroidManifest.xml:40:21-49
141                    android:path="/"
141-->[com.google.firebase:firebase-auth:21.0.1] AndroidManifest.xml:41:21-37
142                    android:scheme="genericidp" />
142-->[com.google.firebase:firebase-auth:21.0.1] AndroidManifest.xml:42:21-48
143            </intent-filter>
144        </activity>
145        <activity
145-->[com.google.firebase:firebase-auth:21.0.1] AndroidManifest.xml:45:9-62:20
146            android:name="com.google.firebase.auth.internal.RecaptchaActivity"
146-->[com.google.firebase:firebase-auth:21.0.1] AndroidManifest.xml:46:13-79
147            android:excludeFromRecents="true"
147-->[com.google.firebase:firebase-auth:21.0.1] AndroidManifest.xml:47:13-46
148            android:exported="true"
148-->[com.google.firebase:firebase-auth:21.0.1] AndroidManifest.xml:48:13-36
149            android:launchMode="singleTask"
149-->[com.google.firebase:firebase-auth:21.0.1] AndroidManifest.xml:49:13-44
150            android:theme="@android:style/Theme.Translucent.NoTitleBar" >
150-->[com.google.firebase:firebase-auth:21.0.1] AndroidManifest.xml:50:13-72
151            <intent-filter>
151-->[com.google.firebase:firebase-auth:21.0.1] AndroidManifest.xml:51:13-61:29
152                <action android:name="android.intent.action.VIEW" />
152-->[com.google.firebase:firebase-auth:21.0.1] AndroidManifest.xml:34:17-69
152-->[com.google.firebase:firebase-auth:21.0.1] AndroidManifest.xml:34:25-66
153
154                <category android:name="android.intent.category.DEFAULT" />
154-->[com.google.firebase:firebase-auth:21.0.1] AndroidManifest.xml:36:17-76
154-->[com.google.firebase:firebase-auth:21.0.1] AndroidManifest.xml:36:27-73
155                <category android:name="android.intent.category.BROWSABLE" />
155-->[com.google.firebase:firebase-auth:21.0.1] AndroidManifest.xml:37:17-78
155-->[com.google.firebase:firebase-auth:21.0.1] AndroidManifest.xml:37:27-75
156
157                <data
157-->[com.google.firebase:firebase-auth:21.0.1] AndroidManifest.xml:39:17-42:51
158                    android:host="firebase.auth"
158-->[com.google.firebase:firebase-auth:21.0.1] AndroidManifest.xml:40:21-49
159                    android:path="/"
159-->[com.google.firebase:firebase-auth:21.0.1] AndroidManifest.xml:41:21-37
160                    android:scheme="recaptcha" />
160-->[com.google.firebase:firebase-auth:21.0.1] AndroidManifest.xml:42:21-48
161            </intent-filter>
162        </activity>
163
164        <service
164-->[com.google.firebase:firebase-auth:21.0.1] AndroidManifest.xml:64:9-73:19
165            android:name="com.google.firebase.auth.api.fallback.service.FirebaseAuthFallbackService"
165-->[com.google.firebase:firebase-auth:21.0.1] AndroidManifest.xml:65:13-101
166            android:enabled="true"
166-->[com.google.firebase:firebase-auth:21.0.1] AndroidManifest.xml:66:13-35
167            android:exported="false" >
167-->[com.google.firebase:firebase-auth:21.0.1] AndroidManifest.xml:67:13-37
168            <intent-filter>
168-->[com.google.firebase:firebase-auth:21.0.1] AndroidManifest.xml:68:13-72:29
169                <action android:name="com.google.firebase.auth.api.gms.service.START" />
169-->[com.google.firebase:firebase-auth:21.0.1] AndroidManifest.xml:69:17-89
169-->[com.google.firebase:firebase-auth:21.0.1] AndroidManifest.xml:69:25-86
170
171                <category android:name="android.intent.category.DEFAULT" />
171-->[com.google.firebase:firebase-auth:21.0.1] AndroidManifest.xml:36:17-76
171-->[com.google.firebase:firebase-auth:21.0.1] AndroidManifest.xml:36:27-73
172            </intent-filter>
173        </service>
174        <service
174-->[com.google.firebase:firebase-auth:21.0.1] AndroidManifest.xml:74:9-80:19
175            android:name="com.google.firebase.components.ComponentDiscoveryService"
175-->[com.google.firebase:firebase-auth:21.0.1] AndroidManifest.xml:75:13-84
176            android:directBootAware="true"
176-->[com.google.firebase:firebase-common:20.0.0] AndroidManifest.xml:35:13-43
177            android:exported="false" >
177-->[com.google.firebase:firebase-auth:21.0.1] AndroidManifest.xml:76:13-37
178            <meta-data
178-->[com.google.firebase:firebase-auth:21.0.1] AndroidManifest.xml:77:13-79:85
179                android:name="com.google.firebase.components:com.google.firebase.auth.FirebaseAuthRegistrar"
179-->[com.google.firebase:firebase-auth:21.0.1] AndroidManifest.xml:78:17-109
180                android:value="com.google.firebase.components.ComponentRegistrar" />
180-->[com.google.firebase:firebase-auth:21.0.1] AndroidManifest.xml:79:17-82
181            <meta-data
181-->[com.google.firebase:firebase-firestore:23.0.0] AndroidManifest.xml:20:13-22:85
182                android:name="com.google.firebase.components:com.google.firebase.firestore.FirestoreRegistrar"
182-->[com.google.firebase:firebase-firestore:23.0.0] AndroidManifest.xml:21:17-111
183                android:value="com.google.firebase.components.ComponentRegistrar" />
183-->[com.google.firebase:firebase-firestore:23.0.0] AndroidManifest.xml:22:17-82
184            <meta-data
184-->[com.google.firebase:firebase-database:20.0.0] AndroidManifest.xml:32:13-34:85
185                android:name="com.google.firebase.components:com.google.firebase.database.DatabaseRegistrar"
185-->[com.google.firebase:firebase-database:20.0.0] AndroidManifest.xml:33:17-109
186                android:value="com.google.firebase.components.ComponentRegistrar" />
186-->[com.google.firebase:firebase-database:20.0.0] AndroidManifest.xml:34:17-82
187            <meta-data
187-->[com.google.firebase:firebase-appcheck:16.0.0-beta01] AndroidManifest.xml:28:13-30:85
188                android:name="com.google.firebase.components:com.google.firebase.appcheck.FirebaseAppCheckRegistrar"
188-->[com.google.firebase:firebase-appcheck:16.0.0-beta01] AndroidManifest.xml:29:17-117
189                android:value="com.google.firebase.components.ComponentRegistrar" />
189-->[com.google.firebase:firebase-appcheck:16.0.0-beta01] AndroidManifest.xml:30:17-82
190            <meta-data
190-->[com.google.android.gms:play-services-measurement-api:19.0.0] AndroidManifest.xml:30:13-32:85
191                android:name="com.google.firebase.components:com.google.firebase.analytics.connector.internal.AnalyticsConnectorRegistrar"
191-->[com.google.android.gms:play-services-measurement-api:19.0.0] AndroidManifest.xml:31:17-139
192                android:value="com.google.firebase.components.ComponentRegistrar" />
192-->[com.google.android.gms:play-services-measurement-api:19.0.0] AndroidManifest.xml:32:17-82
193            <meta-data
193-->[com.google.firebase:firebase-installations:17.0.0] AndroidManifest.xml:18:13-20:85
194                android:name="com.google.firebase.components:com.google.firebase.installations.FirebaseInstallationsRegistrar"
194-->[com.google.firebase:firebase-installations:17.0.0] AndroidManifest.xml:19:17-127
195                android:value="com.google.firebase.components.ComponentRegistrar" />
195-->[com.google.firebase:firebase-installations:17.0.0] AndroidManifest.xml:20:17-82
196        </service>
197        <service
197-->[com.google.mlkit:object-detection:16.2.5] AndroidManifest.xml:8:9-14:19
198            android:name="com.google.mlkit.common.internal.MlKitComponentDiscoveryService"
198-->[com.google.mlkit:object-detection:16.2.5] AndroidManifest.xml:9:13-91
199            android:directBootAware="true"
199-->[com.google.mlkit:common:17.2.0] AndroidManifest.xml:17:13-43
200            android:exported="false" >
200-->[com.google.mlkit:object-detection:16.2.5] AndroidManifest.xml:10:13-37
201            <meta-data
201-->[com.google.mlkit:object-detection:16.2.5] AndroidManifest.xml:11:13-13:85
202                android:name="com.google.firebase.components:com.google.mlkit.vision.objects.defaults.internal.DefaultObjectsRegistrar"
202-->[com.google.mlkit:object-detection:16.2.5] AndroidManifest.xml:12:17-136
203                android:value="com.google.firebase.components.ComponentRegistrar" />
203-->[com.google.mlkit:object-detection:16.2.5] AndroidManifest.xml:13:17-82
204            <meta-data
204-->[com.google.mlkit:object-detection-custom:16.3.2] AndroidManifest.xml:11:13-13:85
205                android:name="com.google.firebase.components:com.google.mlkit.vision.objects.custom.internal.CustomObjectsRegistrar"
205-->[com.google.mlkit:object-detection-custom:16.3.2] AndroidManifest.xml:12:17-133
206                android:value="com.google.firebase.components.ComponentRegistrar" />
206-->[com.google.mlkit:object-detection-custom:16.3.2] AndroidManifest.xml:13:17-82
207            <meta-data
207-->[com.google.android.gms:play-services-mlkit-text-recognition:16.2.0] AndroidManifest.xml:12:13-14:85
208                android:name="com.google.firebase.components:com.google.mlkit.vision.text.internal.TextRegistrar"
208-->[com.google.android.gms:play-services-mlkit-text-recognition:16.2.0] AndroidManifest.xml:13:17-114
209                android:value="com.google.firebase.components.ComponentRegistrar" />
209-->[com.google.android.gms:play-services-mlkit-text-recognition:16.2.0] AndroidManifest.xml:14:17-82
210            <meta-data
210-->[com.google.mlkit:image-labeling:17.0.4] AndroidManifest.xml:11:13-13:85
211                android:name="com.google.firebase.components:com.google.mlkit.vision.label.defaults.internal.BundledLabelRegistrar"
211-->[com.google.mlkit:image-labeling:17.0.4] AndroidManifest.xml:12:17-132
212                android:value="com.google.firebase.components.ComponentRegistrar" />
212-->[com.google.mlkit:image-labeling:17.0.4] AndroidManifest.xml:13:17-82
213            <meta-data
213-->[com.google.mlkit:image-labeling-custom:16.3.1] AndroidManifest.xml:11:13-13:85
214                android:name="com.google.firebase.components:com.google.mlkit.vision.label.custom.internal.CustomLabelRegistrar"
214-->[com.google.mlkit:image-labeling-custom:16.3.1] AndroidManifest.xml:12:17-129
215                android:value="com.google.firebase.components.ComponentRegistrar" />
215-->[com.google.mlkit:image-labeling-custom:16.3.1] AndroidManifest.xml:13:17-82
216            <meta-data
216-->[com.google.mlkit:segmentation-selfie:16.0.0-beta1] AndroidManifest.xml:12:13-14:85
217                android:name="com.google.firebase.components:com.google.mlkit.vision.segmentation.internal.SegmentationRegistrar"
217-->[com.google.mlkit:segmentation-selfie:16.0.0-beta1] AndroidManifest.xml:13:17-130
218                android:value="com.google.firebase.components.ComponentRegistrar" />
218-->[com.google.mlkit:segmentation-selfie:16.0.0-beta1] AndroidManifest.xml:14:17-82
219            <meta-data
219-->[com.google.android.gms:play-services-mlkit-barcode-scanning:16.1.5] AndroidManifest.xml:12:13-14:85
220                android:name="com.google.firebase.components:com.google.mlkit.vision.barcode.internal.BarcodeRegistrar"
220-->[com.google.android.gms:play-services-mlkit-barcode-scanning:16.1.5] AndroidManifest.xml:13:17-120
221                android:value="com.google.firebase.components.ComponentRegistrar" />
221-->[com.google.android.gms:play-services-mlkit-barcode-scanning:16.1.5] AndroidManifest.xml:14:17-82
222            <meta-data
222-->[com.google.mlkit:vision-internal-vkp:18.1.0] AndroidManifest.xml:11:13-13:85
223                android:name="com.google.firebase.components:com.google.mlkit.vision.vkp.VkpRegistrar"
223-->[com.google.mlkit:vision-internal-vkp:18.1.0] AndroidManifest.xml:12:17-103
224                android:value="com.google.firebase.components.ComponentRegistrar" />
224-->[com.google.mlkit:vision-internal-vkp:18.1.0] AndroidManifest.xml:13:17-82
225            <meta-data
225-->[com.google.android.gms:play-services-mlkit-face-detection:16.1.6] AndroidManifest.xml:12:13-14:85
226                android:name="com.google.firebase.components:com.google.mlkit.vision.face.internal.FaceRegistrar"
226-->[com.google.android.gms:play-services-mlkit-face-detection:16.1.6] AndroidManifest.xml:13:17-114
227                android:value="com.google.firebase.components.ComponentRegistrar" />
227-->[com.google.android.gms:play-services-mlkit-face-detection:16.1.6] AndroidManifest.xml:14:17-82
228            <meta-data
228-->[com.google.mlkit:pose-detection-common:17.1.0-beta2] AndroidManifest.xml:11:13-13:85
229                android:name="com.google.firebase.components:com.google.mlkit.vision.pose.internal.PoseRegistrar"
229-->[com.google.mlkit:pose-detection-common:17.1.0-beta2] AndroidManifest.xml:12:17-114
230                android:value="com.google.firebase.components.ComponentRegistrar" />
230-->[com.google.mlkit:pose-detection-common:17.1.0-beta2] AndroidManifest.xml:13:17-82
231            <meta-data
231-->[com.google.mlkit:vision-common:16.4.0] AndroidManifest.xml:12:13-14:85
232                android:name="com.google.firebase.components:com.google.mlkit.vision.common.internal.VisionCommonRegistrar"
232-->[com.google.mlkit:vision-common:16.4.0] AndroidManifest.xml:13:17-124
233                android:value="com.google.firebase.components.ComponentRegistrar" />
233-->[com.google.mlkit:vision-common:16.4.0] AndroidManifest.xml:14:17-82
234            <meta-data
234-->[com.google.mlkit:common:17.2.0] AndroidManifest.xml:20:13-22:85
235                android:name="com.google.firebase.components:com.google.mlkit.common.internal.CommonComponentRegistrar"
235-->[com.google.mlkit:common:17.2.0] AndroidManifest.xml:21:17-120
236                android:value="com.google.firebase.components.ComponentRegistrar" />
236-->[com.google.mlkit:common:17.2.0] AndroidManifest.xml:22:17-82
237        </service>
238
239        <receiver
239-->[com.google.android.gms:play-services-measurement:19.0.0] AndroidManifest.xml:29:9-33:20
240            android:name="com.google.android.gms.measurement.AppMeasurementReceiver"
240-->[com.google.android.gms:play-services-measurement:19.0.0] AndroidManifest.xml:30:13-85
241            android:enabled="true"
241-->[com.google.android.gms:play-services-measurement:19.0.0] AndroidManifest.xml:31:13-35
242            android:exported="false" >
242-->[com.google.android.gms:play-services-measurement:19.0.0] AndroidManifest.xml:32:13-37
243        </receiver>
244
245        <service
245-->[com.google.android.gms:play-services-measurement:19.0.0] AndroidManifest.xml:35:9-38:40
246            android:name="com.google.android.gms.measurement.AppMeasurementService"
246-->[com.google.android.gms:play-services-measurement:19.0.0] AndroidManifest.xml:36:13-84
247            android:enabled="true"
247-->[com.google.android.gms:play-services-measurement:19.0.0] AndroidManifest.xml:37:13-35
248            android:exported="false" />
248-->[com.google.android.gms:play-services-measurement:19.0.0] AndroidManifest.xml:38:13-37
249        <service
249-->[com.google.android.gms:play-services-measurement:19.0.0] AndroidManifest.xml:39:9-43:72
250            android:name="com.google.android.gms.measurement.AppMeasurementJobService"
250-->[com.google.android.gms:play-services-measurement:19.0.0] AndroidManifest.xml:40:13-87
251            android:enabled="true"
251-->[com.google.android.gms:play-services-measurement:19.0.0] AndroidManifest.xml:41:13-35
252            android:exported="false"
252-->[com.google.android.gms:play-services-measurement:19.0.0] AndroidManifest.xml:42:13-37
253            android:permission="android.permission.BIND_JOB_SERVICE" />
253-->[com.google.android.gms:play-services-measurement:19.0.0] AndroidManifest.xml:43:13-69
254
255        <provider
255-->[com.google.firebase:firebase-common:20.0.0] AndroidManifest.xml:26:9-31:39
256            android:name="com.google.firebase.provider.FirebaseInitProvider"
256-->[com.google.firebase:firebase-common:20.0.0] AndroidManifest.xml:27:13-77
257            android:authorities="com.google.mlkit.vision.demo.firebaseinitprovider"
257-->[com.google.firebase:firebase-common:20.0.0] AndroidManifest.xml:28:13-72
258            android:directBootAware="true"
258-->[com.google.firebase:firebase-common:20.0.0] AndroidManifest.xml:29:13-43
259            android:exported="false"
259-->[com.google.firebase:firebase-common:20.0.0] AndroidManifest.xml:30:13-37
260            android:initOrder="100" />
260-->[com.google.firebase:firebase-common:20.0.0] AndroidManifest.xml:31:13-36
261        <provider
261-->[com.google.mlkit:common:17.2.0] AndroidManifest.xml:9:9-13:38
262            android:name="com.google.mlkit.common.internal.MlKitInitProvider"
262-->[com.google.mlkit:common:17.2.0] AndroidManifest.xml:10:13-78
263            android:authorities="com.google.mlkit.vision.demo.mlkitinitprovider"
263-->[com.google.mlkit:common:17.2.0] AndroidManifest.xml:11:13-69
264            android:exported="false"
264-->[com.google.mlkit:common:17.2.0] AndroidManifest.xml:12:13-37
265            android:initOrder="99" />
265-->[com.google.mlkit:common:17.2.0] AndroidManifest.xml:13:13-35
266
267        <activity
267-->[com.google.android.gms:play-services-base:17.6.0] AndroidManifest.xml:23:9-26:75
268            android:name="com.google.android.gms.common.api.GoogleApiActivity"
268-->[com.google.android.gms:play-services-base:17.6.0] AndroidManifest.xml:24:13-79